<?xml version="1.0" encoding="UTF-8"?>
<!-- Generated by org.testng.reporters.JUnitReportReporter -->
<testsuite skipped="0" hostname="DESKTOP-KBVJ1V7" name="com.testing.Testing2" tests="2" failures="0" timestamp="10 Nov 2019 15:06:16 GMT" time="0.003" errors="0">
  <testcase name="Test4" time="0.002" classname="com.testing.Testing2"/>
  <testcase name="Test5" time="0.001" classname="com.testing.Testing2"/>
</testsuite> <!-- com.testing.Testing2 -->
