<?xml version="1.0" encoding="UTF-8"?>
<!-- Generated by org.testng.reporters.JUnitReportReporter -->
<testsuite skipped="0" hostname="DESKTOP-KBVJ1V7" name="com.testing.Testing1" tests="5" failures="0" timestamp="02 Nov 2019 20:57:00 GMT" time="0.006" errors="0">
  <testcase name="Test3" time="0.001" classname="com.testing.Testing1"/>
  <testcase name="Test2" time="0.000" classname="com.testing.Testing1"/>
  <testcase name="f" time="0.000" classname="com.testing.Testing1"/>
  <testcase name="Test1" time="0.004" classname="com.testing.Testing1"/>
  <testcase name="f" time="0.001" classname="com.testing.Testing1"/>
</testsuite> <!-- com.testing.Testing1 -->
